Summary of SPARK analysis
=========================

------------------------------------------------------------------------------------------------------
SPARK Analysis results        Total      Flow   Interval   CodePeer     Provers   Justified   Unproved
------------------------------------------------------------------------------------------------------
Data Dependencies                 .         .          .          .           .           .          .
Flow Dependencies                 .         .          .          .           .           .          .
Initialization                    .         .          .          .           .           .          .
Non-Aliasing                      .         .          .          .           .           .          .
Run-time Checks                   2         .          .          .    2 (CVC4)           .          .
Assertions                        .         .          .          .           .           .          .
Functional Contracts              1         .          .          .           .           .          1
LSP Verification                  .         .          .          .           .           .          .
------------------------------------------------------------------------------------------------------
Total                             3         .          .          .     2 (67%)           .    1 (33%)


max steps used for successful proof: 1

Analyzed 1 unit
in unit double, 2 subprograms and packages out of 2 analyzed
  Double at double.ads:1 flow analyzed (0 errors, 0 checks and 0 warnings) and proved (0 checks)
  Double.Double at double.ads:4 flow analyzed (0 errors, 0 checks and 0 warnings) and not proved, 2 checks out of 3 proved
